[debug] [2025-09-03T05:57:54.314Z] ----------------------------------------------------------------------
[debug] [2025-09-03T05:57:54.320Z] Command:       C:\Program Files\nodejs\node.exe C:\Users\HP\AppData\Roaming\npm\node_modules\firebase-tools\lib\bin\firebase.js init hosting
[debug] [2025-09-03T05:57:54.321Z] CLI Version:   14.15.1
[debug] [2025-09-03T05:57:54.321Z] Platform:      win32
[debug] [2025-09-03T05:57:54.321Z] Node Version:  v22.19.0
[debug] [2025-09-03T05:57:54.322Z] Time:          Wed Sep 03 2025 11:27:54 GMT+0530 (India Standard Time)
[debug] [2025-09-03T05:57:54.322Z] ----------------------------------------------------------------------
[debug] 
[debug] [2025-09-03T05:57:54.334Z] > command requires scopes: ["email","openid","https://www.googleapis.com/auth/cloudplatformprojects.readonly","https://www.googleapis.com/auth/firebase","https://www.googleapis.com/auth/cloud-platform"]
[debug] [2025-09-03T05:57:54.336Z] > authorizing via signed-in user (ipshita.bhardwaj12333@gmail.com)
[info] 
     ######## #### ########  ######## ########     ###     ######  ########
     ##        ##  ##     ## ##       ##     ##  ##   ##  ##       ##
     ######    ##  ########  ######   ########  #########  ######  ######
     ##        ##  ##    ##  ##       ##     ## ##     ##       ## ##
     ##       #### ##     ## ######## ########  ##     ##  ######  ########

You're about to initialize a Firebase project in this directory:

  D:\HP\Desktop\smart-village-backend\signup

[info] 
=== Project Setup
[info] 
[info] First, let's associate this project directory with a Firebase project.
[info] You can create multiple project aliases by running firebase use --add, 
[info] but for now we'll just set up a default project.
[info] 
[debug] [2025-09-03T05:58:05.843Z] Checked if tokens are valid: true, expires at: 1756882601817
[debug] [2025-09-03T05:58:05.843Z] Checked if tokens are valid: true, expires at: 1756882601817
[debug] [2025-09-03T05:58:05.846Z] >>> [apiv2][query] GET https://firebase.googleapis.com/v1beta1/projects pageSize=100
[debug] [2025-09-03T05:58:06.643Z] <<< [apiv2][status] GET https://firebase.googleapis.com/v1beta1/projects 200
[debug] [2025-09-03T05:58:06.643Z] <<< [apiv2][body] GET https://firebase.googleapis.com/v1beta1/projects [omitted]
[info] i  Using project stem-5f6b3 (STEM) 
[info] 
=== Hosting Setup
[debug] [2025-09-03T05:58:08.518Z] Checked if tokens are valid: true, expires at: 1756882601817
[debug] [2025-09-03T05:58:08.519Z] Checked if tokens are valid: true, expires at: 1756882601817
[debug] [2025-09-03T05:58:08.520Z] >>> [apiv2][query] GET https://firebase.googleapis.com/v1beta1/projects/stem-5f6b3 [none]
[debug] [2025-09-03T05:58:09.737Z] <<< [apiv2][status] GET https://firebase.googleapis.com/v1beta1/projects/stem-5f6b3 200
[debug] [2025-09-03T05:58:09.738Z] <<< [apiv2][body] GET https://firebase.googleapis.com/v1beta1/projects/stem-5f6b3 {"projectId":"stem-5f6b3","projectNumber":"144002373773","displayName":"STEM","name":"projects/stem-5f6b3","resources":{"hostingSite":"stem-5f6b3"},"state":"ACTIVE","etag":"1_cde3eff7-3486-42d9-8a5d-5ed40c118edd"}
[info] 
[info] Your public directory is the folder (relative to your project directory) that
[info] will contain Hosting assets to be uploaded with firebase deploy. If you
[info] have a build process for your assets, use your build's output directory.
[info] 
[debug] [2025-09-03T05:58:23.286Z] >>> [apiv2][query] GET https://www.gstatic.com/firebasejs/releases.json [none]
[debug] [2025-09-03T05:58:23.396Z] <<< [apiv2][status] GET https://www.gstatic.com/firebasejs/releases.json 200
[debug] [2025-09-03T05:58:23.396Z] <<< [apiv2][body] GET https://www.gstatic.com/firebasejs/releases.json {"current":{"version":"12.2.1","browserURL":"https://www.gstatic.com/firebasejs/12.2.1/firebase.js","packageURL":"https://www.gstatic.com/firebasejs/12.2.1/firebase.tgz"},"live":{"version":"12.2","browserURL":"https://www.gstatic.com/firebasejs/live/12.2/firebase.js","packageURL":"https://www.gstatic.com/firebasejs/live/12.2/firebase.tgz"},"components":{"ai":"https://www.gstatic.com/firebasejs/12.2.1/firebase-ai.js","analytics":"https://www.gstatic.com/firebasejs/12.2.1/firebase-analytics.js","app":"https://www.gstatic.com/firebasejs/12.2.1/firebase-app.js","app-check":"https://www.gstatic.com/firebasejs/12.2.1/firebase-app-check.js","auth":"https://www.gstatic.com/firebasejs/12.2.1/firebase-auth.js","auth/cordova":"https://www.gstatic.com/firebasejs/12.2.1/firebase-auth/cordova.js","auth/web-extension":"https://www.gstatic.com/firebasejs/12.2.1/firebase-auth/web-extension.js","functions":"https://www.gstatic.com/firebasejs/12.2.1/firebase-functions.js","firestore":"https://www.gstatic.com/firebasejs/12.2.1/firebase-firestore.js","firestore/lite":"https://www.gstatic.com/firebasejs/12.2.1/firebase-firestore/lite.js","installations":"https://www.gstatic.com/firebasejs/12.2.1/firebase-installations.js","storage":"https://www.gstatic.com/firebasejs/12.2.1/firebase-storage.js","performance":"https://www.gstatic.com/firebasejs/12.2.1/firebase-performance.js","remote-config":"https://www.gstatic.com/firebasejs/12.2.1/firebase-remote-config.js","messaging":"https://www.gstatic.com/firebasejs/12.2.1/firebase-messaging.js","messaging/sw":"https://www.gstatic.com/firebasejs/12.2.1/firebase-messaging/sw.js","database":"https://www.gstatic.com/firebasejs/12.2.1/firebase-database.js","data-connect":"https://www.gstatic.com/firebasejs/12.2.1/firebase-data-connect.js","firestore.memory":"https://www.gstatic.com/firebasejs/12.2.1/firebase-firestore.memory.js"}}
[info] +  Wrote public/index.html 
[info] 
[info] i  Didn't detect a .git folder. Assuming D:\HP\Desktop\smart-village-backend\signup is the project root. 
[info] i  Authorizing with GitHub to upload your service account to a GitHub repository's secrets store. 
[info] 
[info] Visit this URL on this device to log in:
[info] https://github.com/login/oauth/authorize?client_id=89cf50f02ac6aaed3484&state=259126171&redirect_uri=http%3A%2F%2Flocalhost%3A9005&scope=read%3Auser%20repo%20public_repo
[info] 
[info] Waiting for authentication...
[debug] [2025-09-03T05:59:18.201Z] >>> [apiv2][query] POST https://github.com/login/oauth/access_token [none]
[debug] [2025-09-03T05:59:18.202Z] >>> [apiv2][body] POST https://github.com/login/oauth/access_token [stream]
[debug] [2025-09-03T05:59:18.916Z] <<< [apiv2][status] POST https://github.com/login/oauth/access_token 200
[debug] [2025-09-03T05:59:18.916Z] <<< [apiv2][body] POST https://github.com/login/oauth/access_token {"access_token":"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","token_type":"bearer","scope":"read:user,repo"}
[debug] [2025-09-03T05:59:18.928Z] >>> [apiv2][query] GET https://api.github.com/user [none]
[debug] [2025-09-03T05:59:19.503Z] <<< [apiv2][status] GET https://api.github.com/user 200
[debug] [2025-09-03T05:59:19.503Z] <<< [apiv2][body] GET https://api.github.com/user {"login":"ipshitabhardwaj","id":171494704,"node_id":"U_kgDOCjjNMA","avatar_url":"https://avatars.githubusercontent.com/u/171494704?v=4","gravatar_id":"","url":"https://api.github.com/users/ipshitabhardwaj","html_url":"https://github.com/ipshitabhardwaj","followers_url":"https://api.github.com/users/ipshitabhardwaj/followers","following_url":"https://api.github.com/users/ipshitabhardwaj/following{/other_user}","gists_url":"https://api.github.com/users/ipshitabhardwaj/gists{/gist_id}","starred_url":"https://api.github.com/users/ipshitabhardwaj/starred{/owner}{/repo}","subscriptions_url":"https://api.github.com/users/ipshitabhardwaj/subscriptions","organizations_url":"https://api.github.com/users/ipshitabhardwaj/orgs","repos_url":"https://api.github.com/users/ipshitabhardwaj/repos","events_url":"https://api.github.com/users/ipshitabhardwaj/events{/privacy}","received_events_url":"https://api.github.com/users/ipshitabhardwaj/received_events","type":"User","user_view_type":"private","site_admin":false,"name":"Ipshita Bhardwaj","company":null,"blog":"","location":null,"email":"bhardwaj.ipshita0@gmail.com","hireable":null,"bio":null,"twitter_username":null,"notification_email":"bhardwaj.ipshita0@gmail.com","public_repos":24,"public_gists":0,"followers":5,"following":18,"created_at":"2024-06-02T14:02:58Z","updated_at":"2025-08-21T13:38:27Z","private_gists":0,"total_private_repos":4,"owned_private_repos":4,"disk_usage":4495,"collaborators":0,"two_factor_authentication":true,"plan":{"name":"pro","space":976562499,"collaborators":0,"private_repos":9999}}
[info] 
[info] +  Success! Logged into GitHub as ipshitabhardwaj 
[info] 
